TN:
SF:/Users/esmio/Documents/solidity-node-test/smart-contract-lottery/contracts/Raffle.sol
FN:54,constructor
FN:65,enterRaffle
FN:86,checkUpkeep
FN:103,performUpkeep
FN:128,fulfillRandomWords
FN:146,getEntranceFee
FN:150,getPlayer
FN:154,getRecentWinner
FN:158,getRaffleState
FN:162,getNumWords
FN:166,getNumnberOfPlayers
FN:170,getLastestTimestamp
FN:174,getRequestConfirmations
FN:178,getInterval
FNF:14
FNH:8
FNDA:3,constructor
FNDA:5,enterRaffle
FNDA:1,checkUpkeep
FNDA:1,performUpkeep
FNDA:0,fulfillRandomWords
FNDA:5,getEntranceFee
FNDA:1,getPlayer
FNDA:0,getRecentWinner
FNDA:1,getRaffleState
FNDA:0,getNumWords
FNDA:0,getNumnberOfPlayers
FNDA:0,getLastestTimestamp
FNDA:0,getRequestConfirmations
FNDA:5,getInterval
DA:55,3
DA:56,3
DA:57,3
DA:58,3
DA:59,3
DA:60,3
DA:61,3
DA:62,3
DA:66,5
DA:67,1
DA:69,4
DA:70,1
DA:72,3
DA:73,3
DA:96,1
DA:97,1
DA:98,1
DA:99,1
DA:100,1
DA:109,1
DA:110,1
DA:111,0
DA:117,1
DA:118,1
DA:125,1
DA:132,0
DA:133,0
DA:134,0
DA:135,0
DA:136,0
DA:137,0
DA:139,0
DA:140,0
DA:141,0
DA:143,0
DA:147,5
DA:151,1
DA:155,0
DA:159,1
DA:163,0
DA:167,0
DA:171,0
DA:175,0
DA:179,5
LF:44
LH:28
BRDA:66,1,0,1
BRDA:66,1,1,4
BRDA:69,2,0,1
BRDA:69,2,1,3
BRDA:110,3,0,0
BRDA:110,3,1,1
BRDA:140,4,0,0
BRDA:140,4,1,0
BRF:8
BRH:5
end_of_record
TN:
SF:/Users/esmio/Documents/solidity-node-test/smart-contract-lottery/contracts/test/VRFCoordinatorV2Mock.sol
FNF:0
FNH:0
LF:0
LH:0
BRF:0
BRH:0
end_of_record
